2024-02-20T18:18:10.368-06:00  INFO 25211 --- [user-service] [restartedMain] c.r.p.PhotoAppApiUserServiceApplication  : Starting PhotoAppApiUserServiceApplication using Java 17.0.9 with PID 25211 (/Users/rickho/Desktop/Udemy_training/Microservices/photo-app-microservices/photo-app-api-user-service/target/classes started by rickho in /Users/rickho/Desktop/Udemy_training/Microservices/photo-app-microservices/photo-app-api-user-service)
2024-02-20T18:18:10.368-06:00  INFO 25211 --- [user-service] [restartedMain] c.r.p.PhotoAppApiUserServiceApplication  : No active profile set, falling back to 1 default profile: "default"
2024-02-20T18:18:10.369-06:00  INFO 25211 --- [user-service] [restartedMain] o.s.c.c.c.ConfigServerConfigDataLoader   : Fetching config from server at : http://localhost:8012
2024-02-20T18:18:10.369-06:00  INFO 25211 --- [user-service] [restartedMain] o.s.c.c.c.ConfigServerConfigDataLoader   : Located environment: name=PhotoApp-Config-Server, profiles=[default], label=null, version=250215eb3bf8aee3f33b7ad60f1d21e582934d5a, state=null
2024-02-20T18:18:10.451-06:00  INFO 25211 --- [user-service] [restartedMain] .s.d.r.c.RepositoryConfigurationDelegate : Bootstrapping Spring Data JPA repositories in DEFAULT mode.
2024-02-20T18:18:10.454-06:00  INFO 25211 --- [user-service] [restartedMain] .s.d.r.c.RepositoryConfigurationDelegate : Finished Spring Data repository scanning in 3 ms. Found 1 JPA repository interface.
2024-02-20T18:18:10.488-06:00  INFO 25211 --- [user-service] [restartedMain] o.s.cloud.context.scope.GenericScope     : BeanFactory id=494d47d1-7443-3917-8a93-db799bfa7926
2024-02-20T18:18:10.496-06:00  WARN 25211 --- [user-service] [restartedMain] trationDelegate$BeanPostProcessorChecker : Bean 'org.springframework.cloud.client.loadbalancer.LoadBalancerAutoConfiguration$LoadBalancerInterceptorConfig' of type [org.springframework.cloud.client.loadbalancer.LoadBalancerAutoConfiguration$LoadBalancerInterceptorConfig] is not eligible for getting processed by all BeanPostProcessors (for example: not eligible for auto-proxying). The currently created BeanPostProcessor [lbRestClientPostProcessor] is declared through a non-static factory method on that class; consider declaring it as static instead.
2024-02-20T18:18:10.496-06:00  WARN 25211 --- [user-service] [restartedMain] trationDelegate$BeanPostProcessorChecker : Bean 'org.springframework.cloud.loadbalancer.config.BlockingLoadBalancerClientAutoConfiguration' of type [org.springframework.cloud.loadbalancer.config.BlockingLoadBalancerClientAutoConfiguration] is not eligible for getting processed by all BeanPostProcessors (for example: not eligible for auto-proxying). Is this bean getting eagerly injected into a currently created BeanPostProcessor [lbRestClientPostProcessor]? Check the corresponding BeanPostProcessor declaration and its dependencies.
2024-02-20T18:18:10.496-06:00  WARN 25211 --- [user-service] [restartedMain] trationDelegate$BeanPostProcessorChecker : Bean 'org.springframework.cloud.loadbalancer.config.LoadBalancerAutoConfiguration' of type [org.springframework.cloud.loadbalancer.config.LoadBalancerAutoConfiguration] is not eligible for getting processed by all BeanPostProcessors (for example: not eligible for auto-proxying). Is this bean getting eagerly injected into a currently created BeanPostProcessor [lbRestClientPostProcessor]? Check the corresponding BeanPostProcessor declaration and its dependencies.
2024-02-20T18:18:10.497-06:00  WARN 25211 --- [user-service] [restartedMain] trationDelegate$BeanPostProcessorChecker : Bean 'org.springframework.cloud.commons.config.CommonsConfigAutoConfiguration' of type [org.springframework.cloud.commons.config.CommonsConfigAutoConfiguration] is not eligible for getting processed by all BeanPostProcessors (for example: not eligible for auto-proxying). Is this bean getting eagerly injected into a currently created BeanPostProcessor [lbRestClientPostProcessor]? Check the corresponding BeanPostProcessor declaration and its dependencies.
2024-02-20T18:18:10.497-06:00  WARN 25211 --- [user-service] [restartedMain] trationDelegate$BeanPostProcessorChecker : Bean 'org.springframework.cloud.client.loadbalancer.LoadBalancerDefaultMappingsProviderAutoConfiguration' of type [org.springframework.cloud.client.loadbalancer.LoadBalancerDefaultMappingsProviderAutoConfiguration] is not eligible for getting processed by all BeanPostProcessors (for example: not eligible for auto-proxying). Is this bean getting eagerly injected into a currently created BeanPostProcessor [lbRestClientPostProcessor]? Check the corresponding BeanPostProcessor declaration and its dependencies.
2024-02-20T18:18:10.497-06:00  WARN 25211 --- [user-service] [restartedMain] trationDelegate$BeanPostProcessorChecker : Bean 'loadBalancerClientsDefaultsMappingsProvider' of type [org.springframework.cloud.client.loadbalancer.LoadBalancerDefaultMappingsProviderAutoConfiguration$$Lambda$676/0x000000013447cc88] is not eligible for getting processed by all BeanPostProcessors (for example: not eligible for auto-proxying). Is this bean getting eagerly injected into a currently created BeanPostProcessor [lbRestClientPostProcessor]? Check the corresponding BeanPostProcessor declaration and its dependencies.
2024-02-20T18:18:10.497-06:00  WARN 25211 --- [user-service] [restartedMain] trationDelegate$BeanPostProcessorChecker : Bean 'defaultsBindHandlerAdvisor' of type [org.springframework.cloud.commons.config.DefaultsBindHandlerAdvisor] is not eligible for getting processed by all BeanPostProcessors (for example: not eligible for auto-proxying). Is this bean getting eagerly injected into a currently created BeanPostProcessor [lbRestClientPostProcessor]? Check the corresponding BeanPostProcessor declaration and its dependencies.
2024-02-20T18:18:10.498-06:00  WARN 25211 --- [user-service] [restartedMain] trationDelegate$BeanPostProcessorChecker : Bean 'spring.cloud.loadbalancer-org.springframework.cloud.client.loadbalancer.LoadBalancerClientsProperties' of type [org.springframework.cloud.client.loadbalancer.LoadBalancerClientsProperties] is not eligible for getting processed by all BeanPostProcessors (for example: not eligible for auto-proxying). Is this bean getting eagerly injected into a currently created BeanPostProcessor [lbRestClientPostProcessor]? Check the corresponding BeanPostProcessor declaration and its dependencies.
2024-02-20T18:18:10.499-06:00  WARN 25211 --- [user-service] [restartedMain] trationDelegate$BeanPostProcessorChecker : Bean 'default.org.springframework.cloud.loadbalancer.config.LoadBalancerAutoConfiguration.LoadBalancerClientSpecification' of type [org.springframework.cloud.loadbalancer.annotation.LoadBalancerClientSpecification] is not eligible for getting processed by all BeanPostProcessors (for example: not eligible for auto-proxying). Is this bean getting eagerly injected into a currently created BeanPostProcessor [lbRestClientPostProcessor]? Check the corresponding BeanPostProcessor declaration and its dependencies.
2024-02-20T18:18:10.499-06:00  WARN 25211 --- [user-service] [restartedMain] trationDelegate$BeanPostProcessorChecker : Bean 'default.org.springframework.cloud.loadbalancer.config.BlockingLoadBalancerClientAutoConfiguration.LoadBalancerClientSpecification' of type [org.springframework.cloud.loadbalancer.annotation.LoadBalancerClientSpecification] is not eligible for getting processed by all BeanPostProcessors (for example: not eligible for auto-proxying). Is this bean getting eagerly injected into a currently created BeanPostProcessor [lbRestClientPostProcessor]? Check the corresponding BeanPostProcessor declaration and its dependencies.
2024-02-20T18:18:10.499-06:00  WARN 25211 --- [user-service] [restartedMain] trationDelegate$BeanPostProcessorChecker : Bean 'default.org.springframework.cloud.netflix.eureka.loadbalancer.LoadBalancerEurekaAutoConfiguration.LoadBalancerClientSpecification' of type [org.springframework.cloud.loadbalancer.annotation.LoadBalancerClientSpecification] is not eligible for getting processed by all BeanPostProcessors (for example: not eligible for auto-proxying). Is this bean getting eagerly injected into a currently created BeanPostProcessor [lbRestClientPostProcessor]? Check the corresponding BeanPostProcessor declaration and its dependencies.
2024-02-20T18:18:10.499-06:00  WARN 25211 --- [user-service] [restartedMain] trationDelegate$BeanPostProcessorChecker : Bean 'loadBalancerClientFactory' of type [org.springframework.cloud.loadbalancer.support.LoadBalancerClientFactory] is not eligible for getting processed by all BeanPostProcessors (for example: not eligible for auto-proxying). Is this bean getting eagerly injected into a currently created BeanPostProcessor [lbRestClientPostProcessor]? Check the corresponding BeanPostProcessor declaration and its dependencies.
2024-02-20T18:18:10.499-06:00  WARN 25211 --- [user-service] [restartedMain] trationDelegate$BeanPostProcessorChecker : Bean 'blockingLoadBalancerClient' of type [org.springframework.cloud.loadbalancer.blocking.client.BlockingLoadBalancerClient] is not eligible for getting processed by all BeanPostProcessors (for example: not eligible for auto-proxying). Is this bean getting eagerly injected into a currently created BeanPostProcessor [lbRestClientPostProcessor]? Check the corresponding BeanPostProcessor declaration and its dependencies.
2024-02-20T18:18:10.500-06:00  WARN 25211 --- [user-service] [restartedMain] trationDelegate$BeanPostProcessorChecker : Bean 'loadBalancerServiceInstanceCookieTransformer' of type [org.springframework.cloud.loadbalancer.core.LoadBalancerServiceInstanceCookieTransformer] is not eligible for getting processed by all BeanPostProcessors (for example: not eligible for auto-proxying). Is this bean getting eagerly injected into a currently created BeanPostProcessor [lbRestClientPostProcessor]? Check the corresponding BeanPostProcessor declaration and its dependencies.
2024-02-20T18:18:10.501-06:00  WARN 25211 --- [user-service] [restartedMain] trationDelegate$BeanPostProcessorChecker : Bean 'xForwarderHeadersTransformer' of type [org.springframework.cloud.loadbalancer.blocking.XForwardedHeadersTransformer] is not eligible for getting processed by all BeanPostProcessors (for example: not eligible for auto-proxying). Is this bean getting eagerly injected into a currently created BeanPostProcessor [lbRestClientPostProcessor]? Check the corresponding BeanPostProcessor declaration and its dependencies.
2024-02-20T18:18:10.501-06:00  WARN 25211 --- [user-service] [restartedMain] trationDelegate$BeanPostProcessorChecker : Bean 'org.springframework.cloud.client.loadbalancer.LoadBalancerAutoConfiguration' of type [org.springframework.cloud.client.loadbalancer.LoadBalancerAutoConfiguration] is not eligible for getting processed by all BeanPostProcessors (for example: not eligible for auto-proxying). Is this bean getting eagerly injected into a currently created BeanPostProcessor [lbRestClientPostProcessor]? Check the corresponding BeanPostProcessor declaration and its dependencies.
2024-02-20T18:18:10.501-06:00  WARN 25211 --- [user-service] [restartedMain] trationDelegate$BeanPostProcessorChecker : Bean 'loadBalancerRequestFactory' of type [org.springframework.cloud.client.loadbalancer.LoadBalancerRequestFactory] is not eligible for getting processed by all BeanPostProcessors (for example: not eligible for auto-proxying). Is this bean getting eagerly injected into a currently created BeanPostProcessor [lbRestClientPostProcessor]? Check the corresponding BeanPostProcessor declaration and its dependencies.
2024-02-20T18:18:10.501-06:00  WARN 25211 --- [user-service] [restartedMain] trationDelegate$BeanPostProcessorChecker : Bean 'loadBalancerInterceptor' of type [org.springframework.cloud.client.loadbalancer.LoadBalancerInterceptor] is not eligible for getting processed by all BeanPostProcessors (for example: not eligible for auto-proxying). Is this bean getting eagerly injected into a currently created BeanPostProcessor [lbRestClientPostProcessor]? Check the corresponding BeanPostProcessor declaration and its dependencies.
2024-02-20T18:18:10.519-06:00  INFO 25211 --- [user-service] [restartedMain] o.s.b.w.embedded.tomcat.TomcatWebServer  : Tomcat initialized with port 0 (http)
2024-02-20T18:18:10.519-06:00  INFO 25211 --- [user-service] [restartedMain] o.apache.catalina.core.StandardService   : Starting service [Tomcat]
2024-02-20T18:18:10.519-06:00  INFO 25211 --- [user-service] [restartedMain] o.apache.catalina.core.StandardEngine    : Starting Servlet engine: [Apache Tomcat/10.1.18]
2024-02-20T18:18:10.528-06:00  INFO 25211 --- [user-service] [restartedMain] o.a.c.c.C.[Tomcat].[localhost].[/]       : Initializing Spring embedded WebApplicationContext
2024-02-20T18:18:10.528-06:00  INFO 25211 --- [user-service] [restartedMain] w.s.c.ServletWebServerApplicationContext : Root WebApplicationContext: initialization completed in 159 ms
2024-02-20T18:18:10.543-06:00  INFO 25211 --- [user-service] [restartedMain] o.hibernate.jpa.internal.util.LogHelper  : HHH000204: Processing PersistenceUnitInfo [name: default]
2024-02-20T18:18:10.545-06:00  INFO 25211 --- [user-service] [restartedMain] o.h.c.internal.RegionFactoryInitiator    : HHH000026: Second-level cache disabled
2024-02-20T18:18:10.547-06:00  INFO 25211 --- [user-service] [restartedMain] o.s.o.j.p.SpringPersistenceUnitInfo      : No LoadTimeWeaver setup: ignoring JPA class transformer
2024-02-20T18:18:10.547-06:00  INFO 25211 --- [user-service] [restartedMain] com.zaxxer.hikari.HikariDataSource       : HikariPool-19 - Starting...
2024-02-20T18:18:10.555-06:00  INFO 25211 --- [user-service] [restartedMain] com.zaxxer.hikari.pool.HikariPool        : HikariPool-19 - Added connection com.mysql.cj.jdbc.ConnectionImpl@70827d6b
2024-02-20T18:18:10.556-06:00  INFO 25211 --- [user-service] [restartedMain] com.zaxxer.hikari.HikariDataSource       : HikariPool-19 - Start completed.
2024-02-20T18:18:10.576-06:00  INFO 25211 --- [user-service] [restartedMain] o.h.e.t.j.p.i.JtaPlatformInitiator       : HHH000489: No JTA platform available (set 'hibernate.transaction.jta.platform' to enable JTA platform integration)
2024-02-20T18:18:10.581-06:00  INFO 25211 --- [user-service] [restartedMain] j.LocalContainerEntityManagerFactoryBean : Initialized JPA EntityManagerFactory for persistence unit 'default'
2024-02-20T18:18:10.620-06:00  WARN 25211 --- [user-service] [restartedMain] JpaBaseConfiguration$JpaWebConfiguration : spring.jpa.open-in-view is enabled by default. Therefore, database queries may be performed during view rendering. Explicitly configure spring.jpa.open-in-view to disable this warning
2024-02-20T18:18:10.623-06:00  INFO 25211 --- [user-service] [restartedMain] o.s.b.d.a.OptionalLiveReloadServer       : LiveReload server is running on port 35729
2024-02-20T18:18:10.629-06:00  INFO 25211 --- [user-service] [restartedMain] o.s.c.openfeign.FeignClientFactoryBean   : For 'album-service' URL not provided. Will try picking an instance via load-balancing.
2024-02-20T18:18:10.664-06:00  INFO 25211 --- [user-service] [restartedMain] o.s.s.web.DefaultSecurityFilterChain     : Will secure any request with [org.springframework.security.web.session.DisableEncodeUrlFilter@64b75ee5, org.springframework.security.web.context.request.async.WebAsyncManagerIntegrationFilter@79a25e2, org.springframework.security.web.context.SecurityContextHolderFilter@3582a1e5, org.springframework.security.web.header.HeaderWriterFilter@39dc8bd1, org.springframework.web.filter.CorsFilter@33fdac52, org.springframework.security.web.authentication.logout.LogoutFilter@12a172f0, org.springframework.security.web.authentication.www.BasicAuthenticationFilter@5c07f928, org.springframework.security.web.savedrequest.RequestCacheAwareFilter@5223896d, org.springframework.security.web.servletapi.SecurityContextHolderAwareRequestFilter@6f53fcf5, org.springframework.security.web.authentication.AnonymousAuthenticationFilter@a76ad4c, org.springframework.security.web.access.ExceptionTranslationFilter@6bdad2fe, org.springframework.security.web.access.intercept.AuthorizationFilter@7d989554]
2024-02-20T18:18:10.700-06:00  INFO 25211 --- [user-service] [restartedMain] DiscoveryClientOptionalArgsConfiguration : Eureka HTTP Client uses RestTemplate.
2024-02-20T18:18:10.707-06:00  WARN 25211 --- [user-service] [restartedMain] iguration$LoadBalancerCaffeineWarnLogger : Spring Cloud LoadBalancer is currently working with the default cache. While this cache implementation is useful for development and tests, it's recommended to use Caffeine cache in production.You can switch to using Caffeine cache, by adding it and org.springframework.cache.caffeine.CaffeineCacheManager to the classpath.
2024-02-20T18:18:10.712-06:00  INFO 25211 --- [user-service] [restartedMain] o.s.b.w.embedded.tomcat.TomcatWebServer  : Tomcat started on port 64327 (http) with context path ''
2024-02-20T18:18:10.712-06:00  INFO 25211 --- [user-service] [restartedMain] .s.c.n.e.s.EurekaAutoServiceRegistration : Updating port to 64327
2024-02-20T18:18:10.713-06:00  INFO 25211 --- [user-service] [restartedMain] o.s.c.n.eureka.InstanceInfoFactory       : Setting initial instance status as: STARTING
2024-02-20T18:18:10.714-06:00  INFO 25211 --- [user-service] [restartedMain] com.netflix.discovery.DiscoveryClient    : Initializing Eureka in region us-east-1
2024-02-20T18:18:10.714-06:00  INFO 25211 --- [user-service] [restartedMain] c.n.d.s.r.aws.ConfigClusterResolver      : Resolving eureka endpoints via configuration
2024-02-20T18:18:10.714-06:00  INFO 25211 --- [user-service] [restartedMain] com.netflix.discovery.DiscoveryClient    : Disable delta property : false
2024-02-20T18:18:10.714-06:00  INFO 25211 --- [user-service] [restartedMain] com.netflix.discovery.DiscoveryClient    : Single vip registry refresh property : null
2024-02-20T18:18:10.714-06:00  INFO 25211 --- [user-service] [restartedMain] com.netflix.discovery.DiscoveryClient    : Force full registry fetch : false
2024-02-20T18:18:10.714-06:00  INFO 25211 --- [user-service] [restartedMain] com.netflix.discovery.DiscoveryClient    : Application is null : false
2024-02-20T18:18:10.714-06:00  INFO 25211 --- [user-service] [restartedMain] com.netflix.discovery.DiscoveryClient    : Registered Applications size is zero : true
2024-02-20T18:18:10.715-06:00  INFO 25211 --- [user-service] [restartedMain] com.netflix.discovery.DiscoveryClient    : Application version is -1: true
2024-02-20T18:18:10.715-06:00  INFO 25211 --- [user-service] [restartedMain] com.netflix.discovery.DiscoveryClient    : Getting all instance registry info from the eureka server
2024-02-20T18:18:10.722-06:00  INFO 25211 --- [user-service] [restartedMain] com.netflix.discovery.DiscoveryClient    : The response status is 200
2024-02-20T18:18:10.723-06:00  INFO 25211 --- [user-service] [restartedMain] com.netflix.discovery.DiscoveryClient    : Starting heartbeat executor: renew interval is: 30
2024-02-20T18:18:10.723-06:00  INFO 25211 --- [user-service] [restartedMain] c.n.discovery.InstanceInfoReplicator     : InstanceInfoReplicator onDemand update allowed rate per min is 4
2024-02-20T18:18:10.724-06:00  INFO 25211 --- [user-service] [restartedMain] com.netflix.discovery.DiscoveryClient    : Discovery Client initialized at timestamp 1708474690724 with initial instances count: 3
2024-02-20T18:18:10.724-06:00  INFO 25211 --- [user-service] [restartedMain] o.s.c.n.e.s.EurekaServiceRegistry        : Registering application USER-SERVICE with eureka with status UP
2024-02-20T18:18:10.724-06:00  INFO 25211 --- [user-service] [restartedMain] com.netflix.discovery.DiscoveryClient    : Saw local status change event StatusChangeEvent [timestamp=1708474690724, current=UP, previous=STARTING]
2024-02-20T18:18:10.725-06:00  INFO 25211 --- [user-service] [DiscoveryClient-InstanceInfoReplicator-0] com.netflix.discovery.DiscoveryClient    : DiscoveryClient_USER-SERVICE/user-service:7265bf3eb185f1393e17c6b7010f6a30: registering service...
2024-02-20T18:18:10.729-06:00  INFO 25211 --- [user-service] [DiscoveryClient-InstanceInfoReplicator-0] com.netflix.discovery.DiscoveryClient    : DiscoveryClient_USER-SERVICE/user-service:7265bf3eb185f1393e17c6b7010f6a30 - registration status: 204
2024-02-20T18:18:10.730-06:00  INFO 25211 --- [user-service] [restartedMain] c.r.p.PhotoAppApiUserServiceApplication  : Started PhotoAppApiUserServiceApplication in 0.718 seconds (process running for 4945.38)
2024-02-20T18:18:10.731-06:00  INFO 25211 --- [user-service] [restartedMain] .ConditionEvaluationDeltaLoggingListener : Condition evaluation unchanged
2024-02-20T18:19:38.742-06:00  INFO 25211 --- [user-service] [File Watcher] rtingClassPathChangeChangedEventListener : Restarting due to 1 class path change (0 additions, 0 deletions, 1 modification)
2024-02-20T18:19:38.743-06:00  INFO 25211 --- [user-service] [Thread-111] o.s.c.n.e.s.EurekaServiceRegistry        : Unregistering application USER-SERVICE with eureka with status DOWN
2024-02-20T18:19:38.743-06:00  INFO 25211 --- [user-service] [Thread-111] com.netflix.discovery.DiscoveryClient    : Saw local status change event StatusChangeEvent [timestamp=1708474778743, current=DOWN, previous=UP]
2024-02-20T18:19:38.743-06:00  INFO 25211 --- [user-service] [DiscoveryClient-InstanceInfoReplicator-0] com.netflix.discovery.DiscoveryClient    : DiscoveryClient_USER-SERVICE/user-service:7265bf3eb185f1393e17c6b7010f6a30: registering service...
2024-02-20T18:19:38.746-06:00  INFO 25211 --- [user-service] [DiscoveryClient-InstanceInfoReplicator-0] com.netflix.discovery.DiscoveryClient    : DiscoveryClient_USER-SERVICE/user-service:7265bf3eb185f1393e17c6b7010f6a30 - registration status: 204
2024-02-20T18:19:38.747-06:00  INFO 25211 --- [user-service] [Thread-111] j.LocalContainerEntityManagerFactoryBean : Closing JPA EntityManagerFactory for persistence unit 'default'
2024-02-20T18:19:38.747-06:00  INFO 25211 --- [user-service] [Thread-111] com.zaxxer.hikari.HikariDataSource       : HikariPool-19 - Shutdown initiated...
2024-02-20T18:19:38.750-06:00  INFO 25211 --- [user-service] [Thread-111] com.zaxxer.hikari.HikariDataSource       : HikariPool-19 - Shutdown completed.
2024-02-20T18:19:38.750-06:00  INFO 25211 --- [user-service] [Thread-111] com.netflix.discovery.DiscoveryClient    : Shutting down DiscoveryClient ...
2024-02-20T18:19:41.756-06:00  WARN 25211 --- [user-service] [DiscoveryClient-0] c.netflix.discovery.TimedSupervisorTask  : task supervisor shutting down, can't accept the task
2024-02-20T18:19:41.757-06:00  INFO 25211 --- [user-service] [Thread-111] com.netflix.discovery.DiscoveryClient    : Unregistering ...
2024-02-20T18:19:41.759-06:00  INFO 25211 --- [user-service] [Thread-111] com.netflix.discovery.DiscoveryClient    : DiscoveryClient_USER-SERVICE/user-service:7265bf3eb185f1393e17c6b7010f6a30 - deregister  status: 200
2024-02-20T18:19:41.761-06:00  INFO 25211 --- [user-service] [Thread-111] com.netflix.discovery.DiscoveryClient    : Completed shut down of DiscoveryClient
